ASSERTION	AAEDAAEDAwAAAAAAAECPQA==
ASSERTION	AAECAAIEAAAAAAAAwFdA
RUN	com.gatling.tests.Feeder	feeder	1750699548063	 	3.6.1
USER	Logging in with some users	START	1750699548950
USER	Logging in with some users	START	1750699549445
REQUEST		Login Request	1750699548964	1750699549927	OK	 
USER	Logging in with some users	END	1750699549936
USER	Logging in with some users	START	1750699549945
REQUEST		Login Request	1750699549446	1750699550431	OK	 
USER	Logging in with some users	END	1750699550432
USER	Logging in with some users	START	1750699550445
REQUEST		Login Request	1750699549946	1750699550845	OK	 
USER	Logging in with some users	END	1750699550846
USER	Logging in with some users	START	1750699550945
REQUEST		Login Request	1750699550447	1750699551430	OK	 
USER	Logging in with some users	END	1750699551431
USER	Logging in with some users	START	1750699551943
REQUEST		Login Request	1750699550947	1750699551967	OK	 
USER	Logging in with some users	END	1750699551968
USER	Logging in with some users	START	1750699552443
REQUEST		Login Request	1750699551945	1750699552893	OK	 
USER	Logging in with some users	END	1750699552895
USER	Logging in with some users	START	1750699552945
REQUEST		Login Request	1750699552446	1750699553405	OK	 
USER	Logging in with some users	END	1750699553408
USER	Logging in with some users	START	1750699553443
REQUEST		Login Request	1750699552947	1750699553917	OK	 
USER	Logging in with some users	END	1750699553918
USER	Logging in with some users	START	1750699553945
REQUEST		Login Request	1750699553445	1750699554327	OK	 
USER	Logging in with some users	END	1750699554328
USER	Logging in with some users	START	1750699554944
REQUEST		Login Request	1750699553946	1750699555040	OK	 
USER	Logging in with some users	END	1750699555041
USER	Logging in with some users	START	1750699555444
USER	Logging in with some users	START	1750699555945
REQUEST		Login Request	1750699554946	1750699555961	OK	 
USER	Logging in with some users	END	1750699555963
REQUEST		Login Request	1750699555446	1750699556376	OK	 
USER	Logging in with some users	END	1750699556378
USER	Logging in with some users	START	1750699556444
REQUEST		Login Request	1750699555947	1750699556888	OK	 
USER	Logging in with some users	END	1750699556889
USER	Logging in with some users	START	1750699556945
REQUEST		Login Request	1750699556446	1750699557384	OK	 
USER	Logging in with some users	END	1750699557385
REQUEST		Login Request	1750699556948	1750699557911	OK	 
USER	Logging in with some users	END	1750699557913
USER	Logging in with some users	START	1750699557942
USER	Logging in with some users	START	1750699558444
REQUEST		Login Request	1750699557943	1750699558935	OK	 
USER	Logging in with some users	END	1750699558936
USER	Logging in with some users	START	1750699558944
REQUEST		Login Request	1750699558446	1750699559345	OK	 
USER	Logging in with some users	END	1750699559347
USER	Logging in with some users	START	1750699559443
REQUEST		Login Request	1750699558946	1750699559856	OK	 
USER	Logging in with some users	END	1750699559858
USER	Logging in with some users	START	1750699559944
REQUEST		Login Request	1750699559445	1750699560470	OK	 
USER	Logging in with some users	END	1750699560472
REQUEST		Login Request	1750699559946	1750699560880	OK	 
USER	Logging in with some users	END	1750699560881
USER	Logging in with some users	START	1750699560943
USER	Logging in with some users	START	1750699561444
REQUEST		Login Request	1750699560945	1750699561906	OK	 
USER	Logging in with some users	END	1750699561908
USER	Logging in with some users	START	1750699561945
REQUEST		Login Request	1750699561446	1750699562416	OK	 
USER	Logging in with some users	END	1750699562418
USER	Logging in with some users	START	1750699562443
REQUEST		Login Request	1750699561947	1750699562928	OK	 
USER	Logging in with some users	END	1750699562930
USER	Logging in with some users	START	1750699562944
REQUEST		Login Request	1750699562445	1750699563441	OK	 
USER	Logging in with some users	END	1750699563443
USER	Logging in with some users	START	1750699563944
REQUEST		Login Request	1750699562946	1750699563959	OK	 
USER	Logging in with some users	END	1750699563960
USER	Logging in with some users	START	1750699564443
REQUEST		Login Request	1750699563946	1750699564875	OK	 
USER	Logging in with some users	END	1750699564877
USER	Logging in with some users	START	1750699564944
USER	Logging in with some users	START	1750699565444
REQUEST		Login Request	1750699564445	1750699565451	OK	 
USER	Logging in with some users	END	1750699565452
USER	Logging in with some users	START	1750699565945
REQUEST		Login Request	1750699564946	1750699566042	OK	 
USER	Logging in with some users	END	1750699566043
REQUEST		Login Request	1750699565446	1750699566466	OK	 
USER	Logging in with some users	END	1750699566467
USER	Logging in with some users	START	1750699566943
USER	Logging in with some users	START	1750699567443
USER	Logging in with some users	START	1750699567945
REQUEST		Login Request	1750699565947	1750699567957	OK	 
USER	Logging in with some users	END	1750699567958
REQUEST		Login Request	1750699567445	1750699568425	OK	 
USER	Logging in with some users	END	1750699568427
USER	Logging in with some users	START	1750699568444
REQUEST		Login Request	1750699567947	1750699568891	OK	 
USER	Logging in with some users	END	1750699568893
USER	Logging in with some users	START	1750699568945
REQUEST		Login Request	1750699568446	1750699569358	OK	 
USER	Logging in with some users	END	1750699569360
REQUEST		Login Request	1750699566945	1750699569796	OK	 
USER	Logging in with some users	END	1750699569798
USER	Logging in with some users	START	1750699569943
USER	Logging in with some users	START	1750699570443
REQUEST		Login Request	1750699569945	1750699570758	OK	 
USER	Logging in with some users	END	1750699570760
REQUEST		Login Request	1750699568947	1750699570883	OK	 
USER	Logging in with some users	END	1750699570885
USER	Logging in with some users	START	1750699570944
REQUEST		Login Request	1750699570445	1750699571260	OK	 
USER	Logging in with some users	END	1750699571262
USER	Logging in with some users	START	1750699571443
REQUEST		Login Request	1750699570946	1750699571840	OK	 
USER	Logging in with some users	END	1750699571842
USER	Logging in with some users	START	1750699571944
REQUEST		Login Request	1750699571444	1750699572454	OK	 
USER	Logging in with some users	END	1750699572455
USER	Logging in with some users	START	1750699572943
REQUEST		Login Request	1750699571945	1750699572961	OK	 
USER	Logging in with some users	END	1750699572963
USER	Logging in with some users	START	1750699573443
REQUEST		Login Request	1750699572945	1750699573887	OK	 
USER	Logging in with some users	END	1750699573889
USER	Logging in with some users	START	1750699573943
USER	Logging in with some users	START	1750699574443
REQUEST		Login Request	1750699573445	1750699574497	OK	 
USER	Logging in with some users	END	1750699574499
USER	Logging in with some users	START	1750699574943
REQUEST		Login Request	1750699573945	1750699575119	OK	 
USER	Logging in with some users	END	1750699575120
REQUEST		Login Request	1750699574445	1750699575424	OK	 
USER	Logging in with some users	END	1750699575426
REQUEST		Login Request	1750699574944	1750699575935	OK	 
USER	Logging in with some users	END	1750699575937
USER	Logging in with some users	START	1750699575943
USER	Logging in with some users	START	1750699576443
REQUEST		Login Request	1750699575944	1750699576857	OK	 
USER	Logging in with some users	END	1750699576859
USER	Logging in with some users	START	1750699576943
USER	Logging in with some users	START	1750699577443
REQUEST		Login Request	1750699576445	1750699577447	OK	 
USER	Logging in with some users	END	1750699577448
REQUEST		Login Request	1750699576945	1750699577881	OK	 
USER	Logging in with some users	END	1750699577883
USER	Logging in with some users	START	1750699577945
REQUEST		Login Request	1750699577444	1750699578393	OK	 
USER	Logging in with some users	END	1750699578395
REQUEST		Login Request	1750699577946	1750699578906	OK	 
USER	Logging in with some users	END	1750699578908
