ASSERTION	AAEDAAEDAwAAAAAAAMCSQA==
ASSERTION	AAECAAIEAAAAAAAAwFdA
RUN	com.gatling.tests.Feeder	feeder	1750700854419	 	3.6.1
USER	Logging in with some users	START	1750700855079
USER	Logging in with some users	START	1750700855575
USER	Logging in with some users	START	1750700856075
REQUEST		Login Request	1750700855093	1750700856160	KO	status.find.in(200,400), but actually found 429
USER	Logging in with some users	END	1750700856168
REQUEST		Login Request	1750700855577	1750700856570	KO	status.find.in(200,400), but actually found 429
USER	Logging in with some users	END	1750700856571
USER	Logging in with some users	START	1750700856575
USER	Logging in with some users	START	1750700857075
REQUEST		Login Request	1750700856077	1750700857083	KO	status.find.in(200,400), but actually found 429
USER	Logging in with some users	END	1750700857084
REQUEST		Login Request	1750700856576	1750700857494	KO	status.find.in(200,400), but actually found 429
USER	Logging in with some users	END	1750700857496
REQUEST		Login Request	1750700857078	1750700858005	KO	status.find.in(200,400), but actually found 429
USER	Logging in with some users	END	1750700858007
USER	Logging in with some users	START	1750700858073
USER	Logging in with some users	START	1750700858573
REQUEST		Login Request	1750700858075	1750700859028	KO	status.find.in(200,400), but actually found 429
USER	Logging in with some users	END	1750700859030
USER	Logging in with some users	START	1750700859074
REQUEST		Login Request	1750700858575	1750700859540	KO	status.find.in(200,400), but actually found 429
USER	Logging in with some users	END	1750700859542
USER	Logging in with some users	START	1750700859572
REQUEST		Login Request	1750700859077	1750700860052	KO	status.find.in(200,400), but actually found 429
USER	Logging in with some users	END	1750700860054
USER	Logging in with some users	START	1750700860073
REQUEST		Login Request	1750700859574	1750700860565	KO	status.find.in(200,400), but actually found 429
USER	Logging in with some users	END	1750700860567
USER	Logging in with some users	START	1750700861072
REQUEST		Login Request	1750700860075	1750700861076	KO	status.find.in(200,400), but actually found 429
USER	Logging in with some users	END	1750700861077
USER	Logging in with some users	START	1750700861572
REQUEST		Login Request	1750700861074	1750700861998	KO	status.find.in(200,400), but actually found 429
USER	Logging in with some users	END	1750700862000
USER	Logging in with some users	START	1750700862073
REQUEST		Login Request	1750700861574	1750700862511	KO	status.find.in(200,400), but actually found 429
USER	Logging in with some users	END	1750700862513
USER	Logging in with some users	START	1750700862572
USER	Logging in with some users	START	1750700863073
REQUEST		Login Request	1750700862075	1750700863099	KO	status.find.in(200,400), but actually found 429
USER	Logging in with some users	END	1750700863100
REQUEST		Login Request	1750700863076	1750700863943	KO	status.find.in(200,400), but actually found 429
USER	Logging in with some users	END	1750700863944
USER	Logging in with some users	START	1750700864072
USER	Logging in with some users	START	1750700864572
REQUEST		Login Request	1750700862574	1750700864877	KO	status.find.in(200,400), but actually found 429
USER	Logging in with some users	END	1750700864879
REQUEST		Login Request	1750700864074	1750700865031	KO	status.find.in(200,400), but actually found 429
USER	Logging in with some users	END	1750700865033
USER	Logging in with some users	START	1750700865073
USER	Logging in with some users	START	1750700865573
REQUEST		Login Request	1750700864574	1750700865653	KO	status.find.in(200,400), but actually found 429
USER	Logging in with some users	END	1750700865654
USER	Logging in with some users	START	1750700866073
REQUEST		Login Request	1750700865075	1750700866276	KO	status.find.in(200,400), but actually found 429
USER	Logging in with some users	END	1750700866277
REQUEST		Login Request	1750700865575	1750700866587	KO	status.find.in(200,400), but actually found 429
USER	Logging in with some users	END	1750700866588
USER	Logging in with some users	START	1750700867071
REQUEST		Login Request	1750700866074	1750700867112	KO	status.find.in(200,400), but actually found 429
USER	Logging in with some users	END	1750700867113
USER	Logging in with some users	START	1750700867572
REQUEST		Login Request	1750700867072	1750700867940	KO	status.find.in(200,400), but actually found 429
USER	Logging in with some users	END	1750700867942
USER	Logging in with some users	START	1750700868073
REQUEST		Login Request	1750700867575	1750700868553	KO	status.find.in(200,400), but actually found 429
USER	Logging in with some users	END	1750700868554
USER	Logging in with some users	START	1750700868572
REQUEST		Login Request	1750700868075	1750700869065	KO	status.find.in(200,400), but actually found 429
USER	Logging in with some users	END	1750700869067
USER	Logging in with some users	START	1750700869072
REQUEST		Login Request	1750700868573	1750700869577	KO	status.find.in(200,400), but actually found 429
USER	Logging in with some users	END	1750700869579
REQUEST		Login Request	1750700869073	1750700869987	KO	status.find.in(200,400), but actually found 429
USER	Logging in with some users	END	1750700869990
USER	Logging in with some users	START	1750700870072
USER	Logging in with some users	START	1750700870573
REQUEST		Login Request	1750700870074	1750700871012	KO	status.find.in(200,400), but actually found 429
USER	Logging in with some users	END	1750700871014
USER	Logging in with some users	START	1750700871073
USER	Logging in with some users	START	1750700871572
REQUEST		Login Request	1750700870575	1750700871623	KO	status.find.in(200,400), but actually found 429
USER	Logging in with some users	END	1750700871625
USER	Logging in with some users	START	1750700872073
REQUEST		Login Request	1750700871076	1750700872242	KO	status.find.in(200,400), but actually found 429
USER	Logging in with some users	END	1750700872244
REQUEST		Login Request	1750700871574	1750700872547	KO	status.find.in(200,400), but actually found 429
USER	Logging in with some users	END	1750700872548
REQUEST		Login Request	1750700872074	1750700873059	KO	status.find.in(200,400), but actually found 429
USER	Logging in with some users	END	1750700873061
USER	Logging in with some users	START	1750700873072
USER	Logging in with some users	START	1750700873573
REQUEST		Login Request	1750700873074	1750700873981	KO	status.find.in(200,400), but actually found 429
USER	Logging in with some users	END	1750700873983
USER	Logging in with some users	START	1750700874073
USER	Logging in with some users	START	1750700874573
REQUEST		Login Request	1750700873574	1750700874592	KO	status.find.in(200,400), but actually found 429
USER	Logging in with some users	END	1750700874594
REQUEST		Login Request	1750700874075	1750700875006	KO	status.find.in(200,400), but actually found 429
USER	Logging in with some users	END	1750700875008
USER	Logging in with some users	START	1750700875074
REQUEST		Login Request	1750700874575	1750700875516	KO	status.find.in(200,400), but actually found 429
USER	Logging in with some users	END	1750700875518
REQUEST		Login Request	1750700875075	1750700876029	KO	status.find.in(200,400), but actually found 429
USER	Logging in with some users	END	1750700876031
USER	Logging in with some users	START	1750700876072
USER	Logging in with some users	START	1750700876573
REQUEST		Login Request	1750700876073	1750700877053	KO	status.find.in(200,400), but actually found 429
USER	Logging in with some users	END	1750700877055
USER	Logging in with some users	START	1750700877073
REQUEST		Login Request	1750700876575	1750700877565	KO	status.find.in(200,400), but actually found 429
USER	Logging in with some users	END	1750700877567
USER	Logging in with some users	START	1750700877572
USER	Logging in with some users	START	1750700878073
REQUEST		Login Request	1750700877075	1750700878077	KO	status.find.in(200,400), but actually found 429
USER	Logging in with some users	END	1750700878079
REQUEST		Login Request	1750700877574	1750700878486	KO	status.find.in(200,400), but actually found 429
USER	Logging in with some users	END	1750700878488
REQUEST		Login Request	1750700878075	1750700879000	KO	status.find.in(200,400), but actually found 429
USER	Logging in with some users	END	1750700879002
USER	Logging in with some users	START	1750700879072
USER	Logging in with some users	START	1750700879572
REQUEST		Login Request	1750700879074	1750700880024	KO	status.find.in(200,400), but actually found 429
USER	Logging in with some users	END	1750700880026
USER	Logging in with some users	START	1750700880072
REQUEST		Login Request	1750700879574	1750700880535	KO	status.find.in(200,400), but actually found 429
USER	Logging in with some users	END	1750700880537
USER	Logging in with some users	START	1750700880572
REQUEST		Login Request	1750700880073	1750700881047	KO	status.find.in(200,400), but actually found 429
USER	Logging in with some users	END	1750700881048
USER	Logging in with some users	START	1750700881073
REQUEST		Login Request	1750700880574	1750700881559	KO	status.find.in(200,400), but actually found 429
USER	Logging in with some users	END	1750700881560
REQUEST		Login Request	1750700881074	1750700882071	KO	status.find.in(200,400), but actually found 429
USER	Logging in with some users	END	1750700882071
USER	Logging in with some users	START	1750700882072
USER	Logging in with some users	START	1750700882572
REQUEST		Login Request	1750700882073	1750700882994	KO	status.find.in(200,400), but actually found 429
USER	Logging in with some users	END	1750700882996
USER	Logging in with some users	START	1750700883072
REQUEST		Login Request	1750700882573	1750700883505	KO	status.find.in(200,400), but actually found 429
USER	Logging in with some users	END	1750700883506
USER	Logging in with some users	START	1750700883572
USER	Logging in with some users	START	1750700884073
REQUEST		Login Request	1750700883073	1750700884117	KO	status.find.in(200,400), but actually found 429
USER	Logging in with some users	END	1750700884119
REQUEST		Login Request	1750700883573	1750700884531	KO	status.find.in(200,400), but actually found 429
USER	Logging in with some users	END	1750700884532
REQUEST		Login Request	1750700884074	1750700885041	KO	status.find.in(200,400), but actually found 429
USER	Logging in with some users	END	1750700885042
