ASSERTION	AAEDAAEDAwAAAAAAAMCSQA==
RUN	com.gatling.tests.Feeder	feeder	1750702550153	 	3.6.1
USER	Logging in with some users	START	1750702550747
USER	Logging in with some users	START	1750702551241
USER	Logging in with some users	START	1750702551740
REQUEST		Login Request	1750702550762	1750702551732	OK	 
USER	Logging in with some users	END	1750702551741
USER	Logging in with some users	START	1750702552241
REQUEST		Login Request	1750702551244	1750702552242	OK	 
USER	Logging in with some users	END	1750702552244
REQUEST		Login Request	1750702551741	1750702552651	OK	 
USER	Logging in with some users	END	1750702552653
USER	Logging in with some users	START	1750702552742
REQUEST		Login Request	1750702552244	1750702553164	OK	 
USER	Logging in with some users	END	1750702553166
REQUEST		Login Request	1750702552744	1750702553676	OK	 
USER	Logging in with some users	END	1750702553678
USER	Logging in with some users	START	1750702553738
USER	Logging in with some users	START	1750702554238
REQUEST		Login Request	1750702553739	1750702554700	OK	 
USER	Logging in with some users	END	1750702554701
USER	Logging in with some users	START	1750702554739
REQUEST		Login Request	1750702554240	1750702555212	OK	 
USER	Logging in with some users	END	1750702555214
USER	Logging in with some users	START	1750702555239
REQUEST		Login Request	1750702554741	1750702555724	OK	 
USER	Logging in with some users	END	1750702555726
USER	Logging in with some users	START	1750702555740
REQUEST		Login Request	1750702555241	1750702556235	OK	 
USER	Logging in with some users	END	1750702556237
USER	Logging in with some users	START	1750702556739
REQUEST		Login Request	1750702555741	1750702556746	OK	 
USER	Logging in with some users	END	1750702556747
USER	Logging in with some users	START	1750702557239
REQUEST		Login Request	1750702556741	1750702557670	OK	 
USER	Logging in with some users	END	1750702557672
USER	Logging in with some users	START	1750702557739
REQUEST		Login Request	1750702557241	1750702558182	OK	 
USER	Logging in with some users	END	1750702558183
USER	Logging in with some users	START	1750702558238
REQUEST		Login Request	1750702557741	1750702558693	OK	 
USER	Logging in with some users	END	1750702558695
USER	Logging in with some users	START	1750702558739
REQUEST		Login Request	1750702558240	1750702559205	OK	 
USER	Logging in with some users	END	1750702559206
REQUEST		Login Request	1750702558741	1750702559717	OK	 
USER	Logging in with some users	END	1750702559720
USER	Logging in with some users	START	1750702559742
USER	Logging in with some users	START	1750702560239
USER	Logging in with some users	START	1750702560738
REQUEST		Login Request	1750702559743	1750702560741	OK	 
USER	Logging in with some users	END	1750702560742
USER	Logging in with some users	START	1750702561238
REQUEST		Login Request	1750702560241	1750702561249	OK	 
USER	Logging in with some users	END	1750702561249
REQUEST		Login Request	1750702560739	1750702561663	OK	 
USER	Logging in with some users	END	1750702561664
USER	Logging in with some users	START	1750702561739
REQUEST		Login Request	1750702561239	1750702562175	OK	 
USER	Logging in with some users	END	1750702562177
REQUEST		Login Request	1750702561742	1750702562687	OK	 
USER	Logging in with some users	END	1750702562689
USER	Logging in with some users	START	1750702562739
USER	Logging in with some users	START	1750702563238
USER	Logging in with some users	START	1750702563739
REQUEST		Login Request	1750702562741	1750702563816	OK	 
USER	Logging in with some users	END	1750702563818
REQUEST		Login Request	1750702563240	1750702564224	OK	 
USER	Logging in with some users	END	1750702564226
USER	Logging in with some users	START	1750702564238
REQUEST		Login Request	1750702563741	1750702564736	OK	 
USER	Logging in with some users	END	1750702564738
USER	Logging in with some users	START	1750702564739
REQUEST		Login Request	1750702564240	1750702565145	OK	 
USER	Logging in with some users	END	1750702565146
REQUEST		Login Request	1750702564740	1750702565656	OK	 
USER	Logging in with some users	END	1750702565657
USER	Logging in with some users	START	1750702565739
USER	Logging in with some users	START	1750702566239
REQUEST		Login Request	1750702565741	1750702566681	OK	 
USER	Logging in with some users	END	1750702566682
USER	Logging in with some users	START	1750702566739
REQUEST		Login Request	1750702566240	1750702567193	OK	 
USER	Logging in with some users	END	1750702567194
USER	Logging in with some users	START	1750702567238
REQUEST		Login Request	1750702566741	1750702567705	OK	 
USER	Logging in with some users	END	1750702567706
USER	Logging in with some users	START	1750702567739
REQUEST		Login Request	1750702567240	1750702568216	OK	 
USER	Logging in with some users	END	1750702568218
REQUEST		Login Request	1750702567741	1750702568729	OK	 
USER	Logging in with some users	END	1750702568730
USER	Logging in with some users	START	1750702568738
USER	Logging in with some users	START	1750702569238
USER	Logging in with some users	START	1750702569739
REQUEST		Login Request	1750702568739	1750702569758	OK	 
USER	Logging in with some users	END	1750702569760
USER	Logging in with some users	START	1750702570238
REQUEST		Login Request	1750702569240	1750702570368	OK	 
USER	Logging in with some users	END	1750702570370
REQUEST		Login Request	1750702569741	1750702570675	OK	 
USER	Logging in with some users	END	1750702570677
USER	Logging in with some users	START	1750702570739
REQUEST		Login Request	1750702570239	1750702571183	OK	 
USER	Logging in with some users	END	1750702571184
USER	Logging in with some users	START	1750702571738
REQUEST		Login Request	1750702570741	1750702571852	OK	 
USER	Logging in with some users	END	1750702571854
USER	Logging in with some users	START	1750702572238
REQUEST		Login Request	1750702571740	1750702572552	OK	 
USER	Logging in with some users	END	1750702572553
USER	Logging in with some users	START	1750702572739
USER	Logging in with some users	START	1750702573238
REQUEST		Login Request	1750702572741	1750702573654	OK	 
USER	Logging in with some users	END	1750702573655
USER	Logging in with some users	START	1750702573739
REQUEST		Login Request	1750702572239	1750702574120	OK	 
USER	Logging in with some users	END	1750702574121
REQUEST		Login Request	1750702573239	1750702574276	OK	 
USER	Logging in with some users	END	1750702574277
USER	Logging in with some users	START	1750702574738
REQUEST		Login Request	1750702573740	1750702574742	OK	 
USER	Logging in with some users	END	1750702574743
USER	Logging in with some users	START	1750702575238
REQUEST		Login Request	1750702574740	1750702575692	OK	 
USER	Logging in with some users	END	1750702575694
USER	Logging in with some users	START	1750702575738
USER	Logging in with some users	START	1750702576237
REQUEST		Login Request	1750702575240	1750702576302	OK	 
USER	Logging in with some users	END	1750702576304
REQUEST		Login Request	1750702575740	1750702576716	OK	 
USER	Logging in with some users	END	1750702576717
USER	Logging in with some users	START	1750702576738
REQUEST		Login Request	1750702576239	1750702577228	OK	 
USER	Logging in with some users	END	1750702577230
USER	Logging in with some users	START	1750702577738
REQUEST		Login Request	1750702576739	1750702577740	OK	 
USER	Logging in with some users	END	1750702577742
USER	Logging in with some users	START	1750702578238
USER	Logging in with some users	START	1750702578738
REQUEST		Login Request	1750702578240	1750702579173	OK	 
USER	Logging in with some users	END	1750702579175
USER	Logging in with some users	START	1750702579238
REQUEST		Login Request	1750702578740	1750702579685	OK	 
REQUEST		Login Request	1750702577740	1750702579686	OK	 
USER	Logging in with some users	END	1750702579687
USER	Logging in with some users	END	1750702579687
USER	Logging in with some users	START	1750702579740
REQUEST		Login Request	1750702579239	1750702580197	OK	 
USER	Logging in with some users	END	1750702580198
REQUEST		Login Request	1750702579742	1750702580710	OK	 
USER	Logging in with some users	END	1750702580711
